<?xml version="1.0" encoding="UTF-8"?>
<coverage generated="1721057438019" clover="3.2.0">
  <project timestamp="1721057438019" name="All files">
    <metrics statements="51" coveredstatements="51" conditionals="16" coveredconditionals="14" methods="13" coveredmethods="13" elements="80" coveredelements="78" complexity="0" loc="51" ncloc="51" packages="1" files="1" classes="1"/>
    <file name="handlers.ts" path="/usr/src/app/src/users/handlers.ts">
      <metrics statements="51" coveredstatements="51" conditionals="16" coveredconditionals="14" methods="13" coveredmethods="13"/>
      <line num="4" count="1" type="stmt"/>
      <line num="6" count="1" type="stmt"/>
      <line num="7" count="3" type="cond" truecount="1" falsecount="0"/>
      <line num="8" count="1" type="stmt"/>
      <line num="13" count="9" type="stmt"/>
      <line num="14" count="2" type="cond" truecount="1" falsecount="0"/>
      <line num="15" count="1" type="stmt"/>
      <line num="20" count="1" type="stmt"/>
      <line num="26" count="1" type="stmt"/>
      <line num="27" count="7" type="cond" truecount="1" falsecount="0"/>
      <line num="28" count="1" type="stmt"/>
      <line num="34" count="18" type="stmt"/>
      <line num="35" count="6" type="cond" truecount="1" falsecount="0"/>
      <line num="36" count="1" type="stmt"/>
      <line num="43" count="55" type="stmt"/>
      <line num="44" count="5" type="cond" truecount="1" falsecount="0"/>
      <line num="45" count="1" type="stmt"/>
      <line num="51" count="4" type="cond" truecount="1" falsecount="0"/>
      <line num="52" count="2" type="stmt"/>
      <line num="53" count="2" type="stmt"/>
      <line num="54" count="18" type="stmt"/>
      <line num="55" count="18" type="stmt"/>
      <line num="59" count="4" type="cond" truecount="1" falsecount="0"/>
      <line num="60" count="2" type="stmt"/>
      <line num="61" count="2" type="stmt"/>
      <line num="62" count="11" type="stmt"/>
      <line num="63" count="11" type="stmt"/>
      <line num="67" count="4" type="cond" truecount="1" falsecount="1"/>
      <line num="68" count="4" type="cond" truecount="1" falsecount="1"/>
      <line num="69" count="4" type="stmt"/>
      <line num="75" count="1" type="stmt"/>
      <line num="76" count="7" type="cond" truecount="1" falsecount="0"/>
      <line num="77" count="1" type="stmt"/>
      <line num="83" count="18" type="stmt"/>
      <line num="84" count="6" type="cond" truecount="1" falsecount="0"/>
      <line num="85" count="1" type="stmt"/>
      <line num="91" count="66" type="stmt"/>
      <line num="92" count="6" type="cond" truecount="1" falsecount="0"/>
      <line num="93" count="2" type="stmt"/>
      <line num="99" count="4" type="cond" truecount="1" falsecount="0"/>
      <line num="100" count="2" type="stmt"/>
      <line num="101" count="2" type="stmt"/>
      <line num="102" count="18" type="stmt"/>
      <line num="103" count="18" type="stmt"/>
      <line num="107" count="4" type="cond" truecount="1" falsecount="0"/>
      <line num="108" count="2" type="stmt"/>
      <line num="109" count="2" type="stmt"/>
      <line num="110" count="11" type="stmt"/>
      <line num="111" count="11" type="stmt"/>
      <line num="115" count="18" type="stmt"/>
      <line num="117" count="4" type="stmt"/>
    </file>
  </project>
</coverage>
