{
  "/usr/src/app/src/users/handlers.ts": {
    "path": "/usr/src/app/src/users/handlers.ts",
    "statementMap": {
      "0": { "start": { "line": 6, "column": 0 }, "end": { "line": 6, "column": 16 } },
      "1": { "start": { "line": 26, "column": 0 }, "end": { "line": 26, "column": 16 } },
      "2": { "start": { "line": 75, "column": 0 }, "end": { "line": 75, "column": 16 } },
      "3": { "start": { "line": 4, "column": 0 }, "end": { "line": 4, "column": 39 } },
      "4": { "start": { "line": 7, "column": 4 }, "end": { "line": 12, "column": 5 } },
      "5": { "start": { "line": 8, "column": 8 }, "end": { "line": 11, "column": 11 } },
      "6": { "start": { "line": 13, "column": 40 }, "end": { "line": 13, "column": 98 } },
      "7": { "start": { "line": 13, "column": 72 }, "end": { "line": 13, "column": 97 } },
      "8": { "start": { "line": 14, "column": 4 }, "end": { "line": 19, "column": 5 } },
      "9": { "start": { "line": 15, "column": 8 }, "end": { "line": 18, "column": null } },
      "10": { "start": { "line": 20, "column": 4 }, "end": { "line": 23, "column": 7 } },
      "11": { "start": { "line": 27, "column": 4 }, "end": { "line": 32, "column": 5 } },
      "12": { "start": { "line": 28, "column": 8 }, "end": { "line": 31, "column": 11 } },
      "13": { "start": { "line": 34, "column": 40 }, "end": { "line": 34, "column": 98 } },
      "14": { "start": { "line": 34, "column": 72 }, "end": { "line": 34, "column": 97 } },
      "15": { "start": { "line": 35, "column": 4 }, "end": { "line": 40, "column": 5 } },
      "16": { "start": { "line": 36, "column": 8 }, "end": { "line": 39, "column": null } },
      "17": { "start": { "line": 43, "column": 31 }, "end": { "line": 43, "column": 107 } },
      "18": { "start": { "line": 43, "column": 78 }, "end": { "line": 43, "column": 106 } },
      "19": { "start": { "line": 44, "column": 4 }, "end": { "line": 49, "column": 5 } },
      "20": { "start": { "line": 45, "column": 8 }, "end": { "line": 48, "column": null } },
      "21": { "start": { "line": 51, "column": 4 }, "end": { "line": 57, "column": 5 } },
      "22": { "start": { "line": 52, "column": 25 }, "end": { "line": 52, "column": 57 } },
      "23": { "start": { "line": 53, "column": 8 }, "end": { "line": 56, "column": null } },
      "24": { "start": { "line": 54, "column": 34 }, "end": { "line": 54, "column": 54 } },
      "25": { "start": { "line": 55, "column": 12 }, "end": { "line": 55, "column": null } },
      "26": { "start": { "line": 59, "column": 4 }, "end": { "line": 65, "column": 5 } },
      "27": { "start": { "line": 60, "column": 23 }, "end": { "line": 60, "column": 53 } },
      "28": { "start": { "line": 61, "column": 8 }, "end": { "line": 64, "column": null } },
      "29": { "start": { "line": 62, "column": 34 }, "end": { "line": 62, "column": 54 } },
      "30": { "start": { "line": 63, "column": 12 }, "end": { "line": 63, "column": null } },
      "31": { "start": { "line": 67, "column": 23 }, "end": { "line": 67, "column": 58 } },
      "32": { "start": { "line": 68, "column": 27 }, "end": { "line": 68, "column": 83 } },
      "33": { "start": { "line": 69, "column": 4 }, "end": { "line": 72, "column": null } },
      "34": { "start": { "line": 76, "column": 4 }, "end": { "line": 81, "column": 5 } },
      "35": { "start": { "line": 77, "column": 8 }, "end": { "line": 80, "column": 11 } },
      "36": { "start": { "line": 83, "column": 40 }, "end": { "line": 83, "column": 98 } },
      "37": { "start": { "line": 83, "column": 72 }, "end": { "line": 83, "column": 97 } },
      "38": { "start": { "line": 84, "column": 4 }, "end": { "line": 89, "column": 5 } },
      "39": { "start": { "line": 85, "column": 8 }, "end": { "line": 88, "column": null } },
      "40": { "start": { "line": 91, "column": 22 }, "end": { "line": 91, "column": 98 } },
      "41": { "start": { "line": 91, "column": 69 }, "end": { "line": 91, "column": 97 } },
      "42": { "start": { "line": 92, "column": 4 }, "end": { "line": 97, "column": 5 } },
      "43": { "start": { "line": 93, "column": 8 }, "end": { "line": 96, "column": null } },
      "44": { "start": { "line": 99, "column": 4 }, "end": { "line": 105, "column": 5 } },
      "45": { "start": { "line": 100, "column": 25 }, "end": { "line": 100, "column": 57 } },
      "46": { "start": { "line": 101, "column": 8 }, "end": { "line": 104, "column": null } },
      "47": { "start": { "line": 102, "column": 34 }, "end": { "line": 102, "column": 54 } },
      "48": { "start": { "line": 103, "column": 12 }, "end": { "line": 103, "column": null } },
      "49": { "start": { "line": 107, "column": 4 }, "end": { "line": 113, "column": 5 } },
      "50": { "start": { "line": 108, "column": 23 }, "end": { "line": 108, "column": 53 } },
      "51": { "start": { "line": 109, "column": 8 }, "end": { "line": 112, "column": null } },
      "52": { "start": { "line": 110, "column": 34 }, "end": { "line": 110, "column": 54 } },
      "53": { "start": { "line": 111, "column": 12 }, "end": { "line": 111, "column": null } },
      "54": { "start": { "line": 115, "column": 27 }, "end": { "line": 115, "column": 101 } },
      "55": { "start": { "line": 115, "column": 78 }, "end": { "line": 115, "column": 97 } },
      "56": { "start": { "line": 117, "column": 4 }, "end": { "line": 120, "column": null } }
    },
    "fnMap": {
      "0": {
        "name": "getUserById",
        "decl": { "start": { "line": 6, "column": 16 }, "end": { "line": 6, "column": 27 } },
        "loc": { "start": { "line": 6, "column": 55 }, "end": { "line": 24, "column": 1 } }
      },
      "1": {
        "name": "(anonymous_1)",
        "decl": { "start": { "line": 13, "column": 56 }, "end": { "line": 13, "column": 57 } },
        "loc": { "start": { "line": 13, "column": 72 }, "end": { "line": 13, "column": 97 } }
      },
      "2": {
        "name": "getOrdersByUserId",
        "decl": { "start": { "line": 26, "column": 16 }, "end": { "line": 26, "column": 33 } },
        "loc": { "start": { "line": 26, "column": 61 }, "end": { "line": 73, "column": 1 } }
      },
      "3": {
        "name": "(anonymous_3)",
        "decl": { "start": { "line": 34, "column": 56 }, "end": { "line": 34, "column": 57 } },
        "loc": { "start": { "line": 34, "column": 72 }, "end": { "line": 34, "column": 97 } }
      },
      "4": {
        "name": "(anonymous_4)",
        "decl": { "start": { "line": 43, "column": 60 }, "end": { "line": 43, "column": 61 } },
        "loc": { "start": { "line": 43, "column": 78 }, "end": { "line": 43, "column": 106 } }
      },
      "5": {
        "name": "(anonymous_5)",
        "decl": { "start": { "line": 53, "column": 39 }, "end": { "line": 53, "column": 40 } },
        "loc": { "start": { "line": 53, "column": 56 }, "end": { "line": 56, "column": 9 } }
      },
      "6": {
        "name": "(anonymous_6)",
        "decl": { "start": { "line": 61, "column": 39 }, "end": { "line": 61, "column": 40 } },
        "loc": { "start": { "line": 61, "column": 56 }, "end": { "line": 64, "column": 9 } }
      },
      "7": {
        "name": "getOrdersSpentByUserId",
        "decl": { "start": { "line": 75, "column": 16 }, "end": { "line": 75, "column": 38 } },
        "loc": { "start": { "line": 75, "column": 66 }, "end": { "line": 122, "column": 1 } }
      },
      "8": {
        "name": "(anonymous_8)",
        "decl": { "start": { "line": 83, "column": 56 }, "end": { "line": 83, "column": 57 } },
        "loc": { "start": { "line": 83, "column": 72 }, "end": { "line": 83, "column": 97 } }
      },
      "9": {
        "name": "(anonymous_9)",
        "decl": { "start": { "line": 91, "column": 51 }, "end": { "line": 91, "column": 52 } },
        "loc": { "start": { "line": 91, "column": 69 }, "end": { "line": 91, "column": 97 } }
      },
      "10": {
        "name": "(anonymous_10)",
        "decl": { "start": { "line": 101, "column": 39 }, "end": { "line": 101, "column": 40 } },
        "loc": { "start": { "line": 101, "column": 56 }, "end": { "line": 104, "column": 9 } }
      },
      "11": {
        "name": "(anonymous_11)",
        "decl": { "start": { "line": 109, "column": 39 }, "end": { "line": 109, "column": 40 } },
        "loc": { "start": { "line": 109, "column": 56 }, "end": { "line": 112, "column": 9 } }
      },
      "12": {
        "name": "(anonymous_12)",
        "decl": { "start": { "line": 115, "column": 45 }, "end": { "line": 115, "column": 46 } },
        "loc": { "start": { "line": 115, "column": 78 }, "end": { "line": 115, "column": 97 } }
      }
    },
    "branchMap": {
      "0": {
        "loc": { "start": { "line": 7, "column": 4 }, "end": { "line": 12, "column": 5 } },
        "type": "if",
        "locations": [{ "start": { "line": 7, "column": 4 }, "end": { "line": 12, "column": 5 } }]
      },
      "1": {
        "loc": { "start": { "line": 14, "column": 4 }, "end": { "line": 19, "column": 5 } },
        "type": "if",
        "locations": [{ "start": { "line": 14, "column": 4 }, "end": { "line": 19, "column": 5 } }]
      },
      "2": {
        "loc": { "start": { "line": 27, "column": 4 }, "end": { "line": 32, "column": 5 } },
        "type": "if",
        "locations": [{ "start": { "line": 27, "column": 4 }, "end": { "line": 32, "column": 5 } }]
      },
      "3": {
        "loc": { "start": { "line": 35, "column": 4 }, "end": { "line": 40, "column": 5 } },
        "type": "if",
        "locations": [{ "start": { "line": 35, "column": 4 }, "end": { "line": 40, "column": 5 } }]
      },
      "4": {
        "loc": { "start": { "line": 44, "column": 4 }, "end": { "line": 49, "column": 5 } },
        "type": "if",
        "locations": [{ "start": { "line": 44, "column": 4 }, "end": { "line": 49, "column": 5 } }]
      },
      "5": {
        "loc": { "start": { "line": 51, "column": 4 }, "end": { "line": 57, "column": 5 } },
        "type": "if",
        "locations": [{ "start": { "line": 51, "column": 4 }, "end": { "line": 57, "column": 5 } }]
      },
      "6": {
        "loc": { "start": { "line": 59, "column": 4 }, "end": { "line": 65, "column": 5 } },
        "type": "if",
        "locations": [{ "start": { "line": 59, "column": 4 }, "end": { "line": 65, "column": 5 } }]
      },
      "7": {
        "loc": { "start": { "line": 67, "column": 23 }, "end": { "line": 67, "column": 58 } },
        "type": "cond-expr",
        "locations": [
          { "start": { "line": 67, "column": 49 }, "end": { "line": 67, "column": 52 } },
          { "start": { "line": 67, "column": 55 }, "end": { "line": 67, "column": 58 } }
        ]
      },
      "8": {
        "loc": { "start": { "line": 68, "column": 27 }, "end": { "line": 68, "column": 83 } },
        "type": "cond-expr",
        "locations": [
          { "start": { "line": 68, "column": 53 }, "end": { "line": 68, "column": 70 } },
          { "start": { "line": 68, "column": 73 }, "end": { "line": 68, "column": 83 } }
        ]
      },
      "9": {
        "loc": { "start": { "line": 76, "column": 4 }, "end": { "line": 81, "column": 5 } },
        "type": "if",
        "locations": [{ "start": { "line": 76, "column": 4 }, "end": { "line": 81, "column": 5 } }]
      },
      "10": {
        "loc": { "start": { "line": 84, "column": 4 }, "end": { "line": 89, "column": 5 } },
        "type": "if",
        "locations": [{ "start": { "line": 84, "column": 4 }, "end": { "line": 89, "column": 5 } }]
      },
      "11": {
        "loc": { "start": { "line": 92, "column": 4 }, "end": { "line": 97, "column": 5 } },
        "type": "if",
        "locations": [{ "start": { "line": 92, "column": 4 }, "end": { "line": 97, "column": 5 } }]
      },
      "12": {
        "loc": { "start": { "line": 99, "column": 4 }, "end": { "line": 105, "column": 5 } },
        "type": "if",
        "locations": [{ "start": { "line": 99, "column": 4 }, "end": { "line": 105, "column": 5 } }]
      },
      "13": {
        "loc": { "start": { "line": 107, "column": 4 }, "end": { "line": 113, "column": 5 } },
        "type": "if",
        "locations": [{ "start": { "line": 107, "column": 4 }, "end": { "line": 113, "column": 5 } }]
      }
    },
    "s": {
      "0": 1,
      "1": 1,
      "2": 1,
      "3": 1,
      "4": 3,
      "5": 1,
      "6": 2,
      "7": 9,
      "8": 2,
      "9": 1,
      "10": 1,
      "11": 7,
      "12": 1,
      "13": 6,
      "14": 18,
      "15": 6,
      "16": 1,
      "17": 5,
      "18": 55,
      "19": 5,
      "20": 1,
      "21": 4,
      "22": 2,
      "23": 2,
      "24": 18,
      "25": 18,
      "26": 4,
      "27": 2,
      "28": 2,
      "29": 11,
      "30": 11,
      "31": 4,
      "32": 4,
      "33": 4,
      "34": 7,
      "35": 1,
      "36": 6,
      "37": 18,
      "38": 6,
      "39": 1,
      "40": 6,
      "41": 66,
      "42": 6,
      "43": 2,
      "44": 4,
      "45": 2,
      "46": 2,
      "47": 18,
      "48": 18,
      "49": 4,
      "50": 2,
      "51": 2,
      "52": 11,
      "53": 11,
      "54": 4,
      "55": 18,
      "56": 4
    },
    "f": {
      "0": 3,
      "1": 9,
      "2": 7,
      "3": 18,
      "4": 55,
      "5": 18,
      "6": 11,
      "7": 7,
      "8": 18,
      "9": 66,
      "10": 18,
      "11": 11,
      "12": 18
    },
    "b": {
      "0": [1],
      "1": [1],
      "2": [1],
      "3": [1],
      "4": [1],
      "5": [2],
      "6": [2],
      "7": [0, 4],
      "8": [0, 4],
      "9": [1],
      "10": [1],
      "11": [2],
      "12": [2],
      "13": [2]
    }
  }
}
