TN:
SF:src/users/handlers.ts
FN:6,getUserById
FN:13,(anonymous_1)
FN:26,getOrdersByUserId
FN:34,(anonymous_3)
FN:43,(anonymous_4)
FN:53,(anonymous_5)
FN:61,(anonymous_6)
FN:75,getOrdersSpentByUserId
FN:83,(anonymous_8)
FN:91,(anonymous_9)
FN:101,(anonymous_10)
FN:109,(anonymous_11)
FN:115,(anonymous_12)
FNF:13
FNH:13
FNDA:3,getUserById
FNDA:9,(anonymous_1)
FNDA:7,getOrdersByUserId
FNDA:18,(anonymous_3)
FNDA:55,(anonymous_4)
FNDA:18,(anonymous_5)
FNDA:11,(anonymous_6)
FNDA:7,getOrdersSpentByUserId
FNDA:18,(anonymous_8)
FNDA:66,(anonymous_9)
FNDA:18,(anonymous_10)
FNDA:11,(anonymous_11)
FNDA:18,(anonymous_12)
DA:4,1
DA:6,1
DA:7,3
DA:8,1
DA:13,9
DA:14,2
DA:15,1
DA:20,1
DA:26,1
DA:27,7
DA:28,1
DA:34,18
DA:35,6
DA:36,1
DA:43,55
DA:44,5
DA:45,1
DA:51,4
DA:52,2
DA:53,2
DA:54,18
DA:55,18
DA:59,4
DA:60,2
DA:61,2
DA:62,11
DA:63,11
DA:67,4
DA:68,4
DA:69,4
DA:75,1
DA:76,7
DA:77,1
DA:83,18
DA:84,6
DA:85,1
DA:91,66
DA:92,6
DA:93,2
DA:99,4
DA:100,2
DA:101,2
DA:102,18
DA:103,18
DA:107,4
DA:108,2
DA:109,2
DA:110,11
DA:111,11
DA:115,18
DA:117,4
LF:51
LH:51
BRDA:7,0,0,1
BRDA:14,1,0,1
BRDA:27,2,0,1
BRDA:35,3,0,1
BRDA:44,4,0,1
BRDA:51,5,0,2
BRDA:59,6,0,2
BRDA:67,7,0,0
BRDA:67,7,1,4
BRDA:68,8,0,0
BRDA:68,8,1,4
BRDA:76,9,0,1
BRDA:84,10,0,1
BRDA:92,11,0,2
BRDA:99,12,0,2
BRDA:107,13,0,2
BRF:16
BRH:14
end_of_record
